<?xml version="1.0" encoding="UTF-8"?>
<!-- Generated by org.testng.reporters.JUnitReportReporter -->
<testsuite skipped="0" hostname="LAPTOP-P4P2FF7C" name="com.crm.contactTest.ContactTest" tests="1" failures="0" timestamp="2022-01-29T20:11:27 IST" time="0.007" errors="0">
  <testcase name="modifyContactTest" time="0.007" classname="com.crm.contactTest.ContactTest"/>
  <system-out/>
</testsuite> <!-- com.crm.contactTest.ContactTest -->
