<?xml version="1.0" encoding="UTF-8"?>
<!-- Generated by org.testng.reporters.JUnitReportReporter -->
<testsuite skipped="0" hostname="LAPTOP-P4P2FF7C" name="com.crm.orgTest.OrganizationTest" tests="2" failures="0" timestamp="2022-02-02T00:31:09 IST" time="0.012" errors="0">
  <testcase name="createOrgTest" time="0.010" classname="com.crm.orgTest.OrganizationTest"/>
  <system-out/>
  <testcase name="modifyOrgTest" time="0.002" classname="com.crm.orgTest.OrganizationTest"/>
  <system-out/>
</testsuite> <!-- com.crm.orgTest.OrganizationTest -->
