<?xml version="1.0" encoding="UTF-8"?>
<!-- Generated by org.testng.reporters.JUnitReportReporter -->
<testsuite skipped="0" hostname="LAPTOP-P4P2FF7C" name="com.crm.orgTest.OrganizationTest" tests="2" failures="0" timestamp="2022-01-29T20:11:58 IST" time="0.006" errors="0">
  <testcase name="createOrgTest" time="0.006" classname="com.crm.orgTest.OrganizationTest"/>
  <system-out/>
  <testcase name="modifyOrgTest" time="0.000" classname="com.crm.orgTest.OrganizationTest"/>
  <system-out/>
</testsuite> <!-- com.crm.orgTest.OrganizationTest -->
