<?xml version="1.0" encoding="UTF-8"?>
<!-- Generated by org.testng.reporters.JUnitReportReporter -->
<testsuite skipped="0" hostname="LAPTOP-P4P2FF7C" name="com.crm.contactTest.ContactTest" tests="2" failures="0" timestamp="2022-01-30T18:45:44 IST" time="0.006" errors="0">
  <testcase name="modifyContactTest" time="0.000" classname="com.crm.contactTest.ContactTest"/>
  <system-out/>
  <testcase name="createContactTest" time="0.006" classname="com.crm.contactTest.ContactTest"/>
  <system-out/>
</testsuite> <!-- com.crm.contactTest.ContactTest -->
